{
  "RSpec": {
    "coverage": {
      "/Users/chrisromero/turing/2module/challenges/spring-sun-5577/config/environment.rb": {
        "lines": [
          null,
          1,
          null,
          null,
          1
        ]
      },
      "/Users/chrisromero/turing/2module/challenges/spring-sun-5577/config/application.rb": {
        "lines": [
          1,
          null,
          1,
          null,
          1,
          1,
          1,
          1,
          1,
          1,
          1,
          1,
          1,
          null,
          null,
          null,
          null,
          1,
          null,
          1,
          1,
          null,
          1,
          null,
          null,
          null,
          null,
          null,
          null,
          null,
          1,
          null,
          null
        ]
      },
      "/Users/chrisromero/turing/2module/challenges/spring-sun-5577/config/boot.rb": {
        "lines": [
          1,
          null,
          1,
          1
        ]
      },
      "/Users/chrisromero/turing/2module/challenges/spring-sun-5577/config/environments/test.rb": {
        "lines": [
          1,
          null,
          null,
          null,
          null,
          null,
          null,
          1,
          null,
          null,
          null,
          null,
          1,
          null,
          null,
          1,
          1,
          null,
          null,
          null,
          null,
          1,
          1,
          null,
          null,
          1,
          null,
          null,
          1,
          null,
          null,
          1,
          null,
          1,
          null,
          null,
          null,
          null,
          1,
          null,
          null,
          1,
          null,
          null,
          null,
          null
        ]
      },
      "/Users/chrisromero/turing/2module/challenges/spring-sun-5577/config/initializers/application_controller_renderer.rb": {
        "lines": [
          null,
          null,
          null,
          null,
          null,
          null,
          null,
          null
        ]
      },
      "/Users/chrisromero/turing/2module/challenges/spring-sun-5577/config/initializers/assets.rb": {
        "lines": [
          null,
          null,
          null,
          1,
          null,
          null,
          null,
          null,
          1,
          null,
          null,
          null,
          null,
          null
        ]
      },
      "/Users/chrisromero/turing/2module/challenges/spring-sun-5577/config/initializers/backtrace_silencers.rb": {
        "lines": [
          null,
          null,
          null,
          null,
          null,
          null,
          null
        ]
      },
      "/Users/chrisromero/turing/2module/challenges/spring-sun-5577/config/initializers/content_security_policy.rb": {
        "lines": [
          null,
          null,
          null,
          null,
          null,
          null,
          null,
          null,
          null,
          null,
          null,
          null,
          null,
          null,
          null,
          null,
          null,
          null,
          null,
          null,
          null,
          null,
          null,
          null,
          null
        ]
      },
      "/Users/chrisromero/turing/2module/challenges/spring-sun-5577/config/initializers/cookies_serializer.rb": {
        "lines": [
          null,
          null,
          null,
          null,
          1
        ]
      },
      "/Users/chrisromero/turing/2module/challenges/spring-sun-5577/config/initializers/filter_parameter_logging.rb": {
        "lines": [
          null,
          null,
          null,
          1
        ]
      },
      "/Users/chrisromero/turing/2module/challenges/spring-sun-5577/config/initializers/inflections.rb": {
        "lines": [
          null,
          null,
          null,
          null,
          null,
          null,
          null,
          null,
          null,
          null,
          null,
          null,
          null,
          null,
          null,
          null
        ]
      },
      "/Users/chrisromero/turing/2module/challenges/spring-sun-5577/config/initializers/mime_types.rb": {
        "lines": [
          null,
          null,
          null,
          null
        ]
      },
      "/Users/chrisromero/turing/2module/challenges/spring-sun-5577/config/initializers/wrap_parameters.rb": {
        "lines": [
          null,
          null,
          null,
          null,
          null,
          null,
          1,
          2,
          null,
          null,
          null,
          null,
          null,
          null
        ]
      },
      "/Users/chrisromero/turing/2module/challenges/spring-sun-5577/config/routes.rb": {
        "lines": [
          1,
          null,
          null,
          1,
          null,
          1,
          null
        ]
      },
      "/Users/chrisromero/turing/2module/challenges/spring-sun-5577/app/helpers/application_helper.rb": {
        "lines": [
          1,
          null
        ]
      },
      "/Users/chrisromero/turing/2module/challenges/spring-sun-5577/spec/features/hospitals/show_spec.rb": {
        "lines": [
          1,
          null,
          1,
          null,
          null,
          null,
          null,
          null,
          null,
          null,
          null,
          null,
          1,
          1,
          1,
          1,
          1,
          1,
          1,
          1,
          1,
          null,
          1,
          null,
          1,
          1,
          1,
          1,
          1,
          null,
          1,
          1,
          null,
          null,
          null,
          null
        ]
      },
      "/Users/chrisromero/turing/2module/challenges/spring-sun-5577/spec/models/doctor_spec.rb": {
        "lines": [
          1,
          null,
          1,
          1,
          2,
          2,
          2,
          null,
          null
        ]
      },
      "/Users/chrisromero/turing/2module/challenges/spring-sun-5577/app/models/doctor.rb": {
        "lines": [
          1,
          1,
          1,
          1,
          null
        ]
      },
      "/Users/chrisromero/turing/2module/challenges/spring-sun-5577/app/models/application_record.rb": {
        "lines": [
          1,
          1,
          null
        ]
      },
      "/Users/chrisromero/turing/2module/challenges/spring-sun-5577/spec/models/hospital_spec.rb": {
        "lines": [
          1,
          null,
          1,
          1,
          2,
          null,
          null,
          1,
          1,
          1,
          1,
          1,
          1,
          1,
          1,
          1,
          1,
          1,
          null,
          null,
          null
        ]
      },
      "/Users/chrisromero/turing/2module/challenges/spring-sun-5577/app/models/hospital.rb": {
        "lines": [
          1,
          1,
          null,
          1,
          2,
          8,
          null,
          null
        ]
      },
      "/Users/chrisromero/turing/2module/challenges/spring-sun-5577/spec/models/patient_spec.rb": {
        "lines": [
          1,
          null,
          1,
          1,
          2,
          2,
          null,
          null
        ]
      },
      "/Users/chrisromero/turing/2module/challenges/spring-sun-5577/app/models/patient.rb": {
        "lines": [
          1,
          1,
          1,
          null
        ]
      },
      "/Users/chrisromero/turing/2module/challenges/spring-sun-5577/app/models/doctor_patient.rb": {
        "lines": [
          1,
          1,
          1,
          null
        ]
      },
      "/Users/chrisromero/turing/2module/challenges/spring-sun-5577/app/controllers/doctors_controller.rb": {
        "lines": [
          1,
          1,
          1,
          null,
          null
        ]
      },
      "/Users/chrisromero/turing/2module/challenges/spring-sun-5577/app/controllers/application_controller.rb": {
        "lines": [
          1,
          null
        ]
      },
      "/Users/chrisromero/turing/2module/challenges/spring-sun-5577/app/controllers/hospitals_controller.rb": {
        "lines": [
          1,
          1,
          1,
          null,
          null
        ]
      }
    },
    "timestamp": 1650907100
  }
}
